2014-09-18 07:46:06 (CEST)	8192 	Function sql_regcase() is deprecated	File: fns_tinybrowser.php	Line: 373	
2014-09-18 07:46:06 (CEST)	8192 	Function sql_regcase() is deprecated	File: fns_tinybrowser.php	Line: 373	
2014-09-18 07:46:06 (CEST)	8192 	Function sql_regcase() is deprecated	File: fns_tinybrowser.php	Line: 373	
2014-09-18 07:46:06 (CEST)	8192 	Function sql_regcase() is deprecated	File: fns_tinybrowser.php	Line: 373	
2014-09-18 07:46:09 (CEST)	8192 	Function sql_regcase() is deprecated	File: fns_tinybrowser.php	Line: 373	
2014-09-18 07:46:09 (CEST)	8192 	Function sql_regcase() is deprecated	File: fns_tinybrowser.php	Line: 373	
2014-09-18 07:46:09 (CEST)	8192 	Function sql_regcase() is deprecated	File: fns_tinybrowser.php	Line: 373	
2014-09-18 07:46:09 (CEST)	8192 	Function sql_regcase() is deprecated	File: fns_tinybrowser.php	Line: 373	
2014-09-18 07:46:09 (CEST)	8 Notice	Undefined index: obfuscate	File: upload.php	Line: 122	
2014-09-18 07:46:17 (CEST)	8 Notice	Undefined index: obfuscate	File: upload_file.php	Line: 12	
2014-09-18 07:46:17 (CEST)	8192 	Function sql_regcase() is deprecated	File: fns_tinybrowser.php	Line: 373	
2014-09-18 07:46:17 (CEST)	8192 	Function sql_regcase() is deprecated	File: fns_tinybrowser.php	Line: 373	
2014-09-18 07:46:17 (CEST)	8192 	Function sql_regcase() is deprecated	File: fns_tinybrowser.php	Line: 373	
2014-09-18 07:46:17 (CEST)	8192 	Function sql_regcase() is deprecated	File: fns_tinybrowser.php	Line: 373	
2014-09-18 07:46:17 (CEST)	8 Notice	Undefined index: obfuscate	File: upload.php	Line: 122	
2014-09-18 07:46:19 (CEST)	8192 	Function sql_regcase() is deprecated	File: fns_tinybrowser.php	Line: 373	
2014-09-18 07:46:19 (CEST)	8192 	Function sql_regcase() is deprecated	File: fns_tinybrowser.php	Line: 373	
2014-09-18 07:46:19 (CEST)	8192 	Function sql_regcase() is deprecated	File: fns_tinybrowser.php	Line: 373	
2014-09-18 07:46:19 (CEST)	8192 	Function sql_regcase() is deprecated	File: fns_tinybrowser.php	Line: 373	
2015-04-22 12:29:25 (CEST)	8192 	Function sql_regcase() is deprecated	File: fns_tinybrowser.php	Line: 373	
2015-04-22 12:29:25 (CEST)	8192 	Function sql_regcase() is deprecated	File: fns_tinybrowser.php	Line: 373	
2015-04-22 12:29:25 (CEST)	8192 	Function sql_regcase() is deprecated	File: fns_tinybrowser.php	Line: 373	
2015-04-22 12:29:25 (CEST)	8192 	Function sql_regcase() is deprecated	File: fns_tinybrowser.php	Line: 373	
2015-04-22 12:29:27 (CEST)	8192 	Function sql_regcase() is deprecated	File: fns_tinybrowser.php	Line: 373	
2015-04-22 12:29:27 (CEST)	8192 	Function sql_regcase() is deprecated	File: fns_tinybrowser.php	Line: 373	
2015-04-22 12:29:27 (CEST)	8192 	Function sql_regcase() is deprecated	File: fns_tinybrowser.php	Line: 373	
2015-04-22 12:29:27 (CEST)	8192 	Function sql_regcase() is deprecated	File: fns_tinybrowser.php	Line: 373	
2015-04-22 12:29:28 (CEST)	8192 	Function sql_regcase() is deprecated	File: fns_tinybrowser.php	Line: 373	
2015-04-22 12:29:28 (CEST)	8192 	Function sql_regcase() is deprecated	File: fns_tinybrowser.php	Line: 373	
2015-04-22 12:29:28 (CEST)	8192 	Function sql_regcase() is deprecated	File: fns_tinybrowser.php	Line: 373	
2015-04-22 12:29:28 (CEST)	8192 	Function sql_regcase() is deprecated	File: fns_tinybrowser.php	Line: 373	
2015-04-22 12:29:28 (CEST)	8 Notice	Undefined index: obfuscate	File: upload.php	Line: 122	
2015-04-22 12:29:28 (CEST)	8192 	Function sql_regcase() is deprecated	File: fns_tinybrowser.php	Line: 373	
2015-04-22 12:29:28 (CEST)	8192 	Function sql_regcase() is deprecated	File: fns_tinybrowser.php	Line: 373	
2015-04-22 12:29:28 (CEST)	8192 	Function sql_regcase() is deprecated	File: fns_tinybrowser.php	Line: 373	
2015-04-22 12:29:28 (CEST)	8192 	Function sql_regcase() is deprecated	File: fns_tinybrowser.php	Line: 373	
2015-04-22 17:29:11 (CEST)	8192 	Function sql_regcase() is deprecated	File: fns_tinybrowser.php	Line: 373	
2015-04-22 17:29:11 (CEST)	8192 	Function sql_regcase() is deprecated	File: fns_tinybrowser.php	Line: 373	
2015-04-22 17:29:11 (CEST)	8192 	Function sql_regcase() is deprecated	File: fns_tinybrowser.php	Line: 373	
2015-04-22 17:29:11 (CEST)	8192 	Function sql_regcase() is deprecated	File: fns_tinybrowser.php	Line: 373	
2015-04-22 17:29:13 (CEST)	8192 	Function sql_regcase() is deprecated	File: fns_tinybrowser.php	Line: 373	
2015-04-22 17:29:13 (CEST)	8192 	Function sql_regcase() is deprecated	File: fns_tinybrowser.php	Line: 373	
2015-04-22 17:29:13 (CEST)	8192 	Function sql_regcase() is deprecated	File: fns_tinybrowser.php	Line: 373	
2015-04-22 17:29:13 (CEST)	8192 	Function sql_regcase() is deprecated	File: fns_tinybrowser.php	Line: 373	
2015-04-22 17:29:13 (CEST)	8 Notice	Undefined index: obfuscate	File: upload.php	Line: 122	
2015-04-22 17:29:26 (CEST)	8 Notice	Undefined index: obfuscate	File: upload_file.php	Line: 12	
2015-04-22 17:29:26 (CEST)	8 Notice	Undefined index: obfuscate	File: upload_file.php	Line: 12	
2015-04-22 17:29:26 (CEST)	8 Notice	Undefined index: obfuscate	File: upload_file.php	Line: 12	
2015-04-22 17:29:26 (CEST)	8 Notice	Undefined index: obfuscate	File: upload_file.php	Line: 12	
2015-04-22 17:29:26 (CEST)	8 Notice	Undefined index: obfuscate	File: upload_file.php	Line: 12	
2015-04-22 17:29:26 (CEST)	8 Notice	Undefined index: obfuscate	File: upload_file.php	Line: 12	
2015-04-22 17:29:26 (CEST)	2 Warning	imagepng(): Unable to open '/www/webstra.hu/files/images/_thumbs/_kep_1.png' for writing: No such file or directory	File: fns_tinybrowser.php	Line: 134	
2015-04-22 17:29:26 (CEST)	2 Warning	imagepng(): Unable to open '/www/webstra.hu/files/images/_thumbs/_kep_3.png' for writing: No such file or directory	File: fns_tinybrowser.php	Line: 134	
2015-04-22 17:29:26 (CEST)	2 Warning	imagepng(): Unable to open '/www/webstra.hu/files/images/_thumbs/_kep_2.png' for writing: No such file or directory	File: fns_tinybrowser.php	Line: 134	
2015-04-22 17:29:26 (CEST)	2 Warning	imagejpeg(): Unable to open '/www/webstra.hu/files/images/_thumbs/_kep_3.jpg' for writing: No such file or directory	File: fns_tinybrowser.php	Line: 130	
2015-04-22 17:29:26 (CEST)	2 Warning	imagejpeg(): Unable to open '/www/webstra.hu/files/images/_thumbs/_kep_1.jpg' for writing: No such file or directory	File: fns_tinybrowser.php	Line: 130	
2015-04-22 17:29:26 (CEST)	2 Warning	imagejpeg(): Unable to open '/www/webstra.hu/files/images/_thumbs/_kep_2.jpg' for writing: No such file or directory	File: fns_tinybrowser.php	Line: 130	
2015-04-22 17:29:26 (CEST)	8192 	Function sql_regcase() is deprecated	File: fns_tinybrowser.php	Line: 373	
2015-04-22 17:29:26 (CEST)	8192 	Function sql_regcase() is deprecated	File: fns_tinybrowser.php	Line: 373	
2015-04-22 17:29:26 (CEST)	8192 	Function sql_regcase() is deprecated	File: fns_tinybrowser.php	Line: 373	
2015-04-22 17:29:26 (CEST)	8192 	Function sql_regcase() is deprecated	File: fns_tinybrowser.php	Line: 373	
2015-04-22 17:29:26 (CEST)	8 Notice	Undefined index: obfuscate	File: upload.php	Line: 122	
2015-04-22 17:29:28 (CEST)	8192 	Function sql_regcase() is deprecated	File: fns_tinybrowser.php	Line: 373	
2015-04-22 17:29:28 (CEST)	8192 	Function sql_regcase() is deprecated	File: fns_tinybrowser.php	Line: 373	
2015-04-22 17:29:28 (CEST)	8192 	Function sql_regcase() is deprecated	File: fns_tinybrowser.php	Line: 373	
2015-04-22 17:29:28 (CEST)	8192 	Function sql_regcase() is deprecated	File: fns_tinybrowser.php	Line: 373	
2015-04-22 17:45:56 (CEST)	8192 	Function sql_regcase() is deprecated	File: fns_tinybrowser.php	Line: 373	
2015-04-22 17:45:56 (CEST)	8192 	Function sql_regcase() is deprecated	File: fns_tinybrowser.php	Line: 373	
2015-04-22 17:45:56 (CEST)	8192 	Function sql_regcase() is deprecated	File: fns_tinybrowser.php	Line: 373	
2015-04-22 17:45:56 (CEST)	8192 	Function sql_regcase() is deprecated	File: fns_tinybrowser.php	Line: 373	
2015-04-22 18:11:26 (CEST)	8192 	Function sql_regcase() is deprecated	File: fns_tinybrowser.php	Line: 373	
2015-04-22 18:11:26 (CEST)	8192 	Function sql_regcase() is deprecated	File: fns_tinybrowser.php	Line: 373	
2015-04-22 18:11:26 (CEST)	8192 	Function sql_regcase() is deprecated	File: fns_tinybrowser.php	Line: 373	
2015-04-22 18:11:26 (CEST)	8192 	Function sql_regcase() is deprecated	File: fns_tinybrowser.php	Line: 373	
2015-04-30 10:59:21 (CEST)	8192 	Function sql_regcase() is deprecated	File: fns_tinybrowser.php	Line: 373	
2015-04-30 10:59:21 (CEST)	8192 	Function sql_regcase() is deprecated	File: fns_tinybrowser.php	Line: 373	
2015-04-30 10:59:21 (CEST)	8192 	Function sql_regcase() is deprecated	File: fns_tinybrowser.php	Line: 373	
2015-04-30 10:59:21 (CEST)	8192 	Function sql_regcase() is deprecated	File: fns_tinybrowser.php	Line: 373	
2015-04-30 10:59:22 (CEST)	8192 	Function sql_regcase() is deprecated	File: fns_tinybrowser.php	Line: 373	
2015-04-30 10:59:22 (CEST)	8192 	Function sql_regcase() is deprecated	File: fns_tinybrowser.php	Line: 373	
2015-04-30 10:59:22 (CEST)	8192 	Function sql_regcase() is deprecated	File: fns_tinybrowser.php	Line: 373	
2015-04-30 10:59:22 (CEST)	8192 	Function sql_regcase() is deprecated	File: fns_tinybrowser.php	Line: 373	
2015-04-30 10:59:22 (CEST)	8 Notice	Undefined index: obfuscate	File: upload.php	Line: 122	
2015-04-30 10:59:36 (CEST)	8 Notice	Undefined index: obfuscate	File: upload_file.php	Line: 12	
2015-04-30 10:59:36 (CEST)	8 Notice	Undefined index: obfuscate	File: upload_file.php	Line: 12	
2015-04-30 10:59:36 (CEST)	8192 	Function sql_regcase() is deprecated	File: fns_tinybrowser.php	Line: 373	
2015-04-30 10:59:36 (CEST)	8192 	Function sql_regcase() is deprecated	File: fns_tinybrowser.php	Line: 373	
2015-04-30 10:59:36 (CEST)	8192 	Function sql_regcase() is deprecated	File: fns_tinybrowser.php	Line: 373	
2015-04-30 10:59:36 (CEST)	8192 	Function sql_regcase() is deprecated	File: fns_tinybrowser.php	Line: 373	
2015-04-30 10:59:36 (CEST)	8 Notice	Undefined index: obfuscate	File: upload.php	Line: 122	
2015-04-30 10:59:44 (CEST)	8192 	Function sql_regcase() is deprecated	File: fns_tinybrowser.php	Line: 373	
2015-04-30 10:59:44 (CEST)	8192 	Function sql_regcase() is deprecated	File: fns_tinybrowser.php	Line: 373	
2015-04-30 10:59:44 (CEST)	8192 	Function sql_regcase() is deprecated	File: fns_tinybrowser.php	Line: 373	
2015-04-30 10:59:44 (CEST)	8192 	Function sql_regcase() is deprecated	File: fns_tinybrowser.php	Line: 373	
2015-04-30 11:01:49 (CEST)	8192 	Function sql_regcase() is deprecated	File: fns_tinybrowser.php	Line: 373	
2015-04-30 11:01:49 (CEST)	8192 	Function sql_regcase() is deprecated	File: fns_tinybrowser.php	Line: 373	
2015-04-30 11:01:49 (CEST)	8192 	Function sql_regcase() is deprecated	File: fns_tinybrowser.php	Line: 373	
2015-04-30 11:01:49 (CEST)	8192 	Function sql_regcase() is deprecated	File: fns_tinybrowser.php	Line: 373	
2015-04-30 11:06:23 (CEST)	8192 	Function sql_regcase() is deprecated	File: fns_tinybrowser.php	Line: 373	
2015-04-30 11:06:23 (CEST)	8192 	Function sql_regcase() is deprecated	File: fns_tinybrowser.php	Line: 373	
2015-04-30 11:06:23 (CEST)	8192 	Function sql_regcase() is deprecated	File: fns_tinybrowser.php	Line: 373	
2015-04-30 11:06:23 (CEST)	8192 	Function sql_regcase() is deprecated	File: fns_tinybrowser.php	Line: 373	
2015-04-30 11:06:25 (CEST)	8192 	Function sql_regcase() is deprecated	File: fns_tinybrowser.php	Line: 373	
2015-04-30 11:06:25 (CEST)	8192 	Function sql_regcase() is deprecated	File: fns_tinybrowser.php	Line: 373	
2015-04-30 11:06:25 (CEST)	8192 	Function sql_regcase() is deprecated	File: fns_tinybrowser.php	Line: 373	
2015-04-30 11:06:25 (CEST)	8192 	Function sql_regcase() is deprecated	File: fns_tinybrowser.php	Line: 373	
2015-04-30 11:06:25 (CEST)	8 Notice	Undefined index: obfuscate	File: upload.php	Line: 122	
2015-04-30 11:06:26 (CEST)	8192 	Function sql_regcase() is deprecated	File: fns_tinybrowser.php	Line: 373	
2015-04-30 11:06:26 (CEST)	8192 	Function sql_regcase() is deprecated	File: fns_tinybrowser.php	Line: 373	
2015-04-30 11:06:26 (CEST)	8192 	Function sql_regcase() is deprecated	File: fns_tinybrowser.php	Line: 373	
2015-04-30 11:06:26 (CEST)	8192 	Function sql_regcase() is deprecated	File: fns_tinybrowser.php	Line: 373	
2015-04-30 11:06:29 (CEST)	8192 	Function sql_regcase() is deprecated	File: fns_tinybrowser.php	Line: 373	
2015-04-30 11:06:29 (CEST)	8192 	Function sql_regcase() is deprecated	File: fns_tinybrowser.php	Line: 373	
2015-04-30 11:06:29 (CEST)	8192 	Function sql_regcase() is deprecated	File: fns_tinybrowser.php	Line: 373	
2015-04-30 11:06:29 (CEST)	8192 	Function sql_regcase() is deprecated	File: fns_tinybrowser.php	Line: 373	
2015-04-30 11:06:30 (CEST)	8192 	Function sql_regcase() is deprecated	File: fns_tinybrowser.php	Line: 373	
2015-04-30 11:06:30 (CEST)	8192 	Function sql_regcase() is deprecated	File: fns_tinybrowser.php	Line: 373	
2015-04-30 11:06:30 (CEST)	8192 	Function sql_regcase() is deprecated	File: fns_tinybrowser.php	Line: 373	
2015-04-30 11:06:30 (CEST)	8192 	Function sql_regcase() is deprecated	File: fns_tinybrowser.php	Line: 373	
2015-04-30 11:06:30 (CEST)	8 Notice	Undefined index: obfuscate	File: upload.php	Line: 122	
2015-04-30 11:06:39 (CEST)	8 Notice	Undefined index: obfuscate	File: upload_file.php	Line: 12	
2015-04-30 11:06:40 (CEST)	8192 	Function sql_regcase() is deprecated	File: fns_tinybrowser.php	Line: 373	
2015-04-30 11:06:40 (CEST)	8192 	Function sql_regcase() is deprecated	File: fns_tinybrowser.php	Line: 373	
2015-04-30 11:06:40 (CEST)	8192 	Function sql_regcase() is deprecated	File: fns_tinybrowser.php	Line: 373	
2015-04-30 11:06:40 (CEST)	8192 	Function sql_regcase() is deprecated	File: fns_tinybrowser.php	Line: 373	
2015-04-30 11:06:40 (CEST)	8 Notice	Undefined index: obfuscate	File: upload.php	Line: 122	
2015-04-30 11:06:41 (CEST)	8192 	Function sql_regcase() is deprecated	File: fns_tinybrowser.php	Line: 373	
2015-04-30 11:06:41 (CEST)	8192 	Function sql_regcase() is deprecated	File: fns_tinybrowser.php	Line: 373	
2015-04-30 11:06:41 (CEST)	8192 	Function sql_regcase() is deprecated	File: fns_tinybrowser.php	Line: 373	
2015-04-30 11:06:41 (CEST)	8192 	Function sql_regcase() is deprecated	File: fns_tinybrowser.php	Line: 373	
2015-06-05 14:17:25 (CEST)	8192 	Function sql_regcase() is deprecated	File: fns_tinybrowser.php	Line: 373	
2015-06-05 14:17:25 (CEST)	8192 	Function sql_regcase() is deprecated	File: fns_tinybrowser.php	Line: 373	
2015-06-05 14:17:25 (CEST)	8192 	Function sql_regcase() is deprecated	File: fns_tinybrowser.php	Line: 373	
2015-06-05 14:17:25 (CEST)	8192 	Function sql_regcase() is deprecated	File: fns_tinybrowser.php	Line: 373	
2015-06-05 14:17:27 (CEST)	8192 	Function sql_regcase() is deprecated	File: fns_tinybrowser.php	Line: 373	
2015-06-05 14:17:27 (CEST)	8192 	Function sql_regcase() is deprecated	File: fns_tinybrowser.php	Line: 373	
2015-06-05 14:17:27 (CEST)	8192 	Function sql_regcase() is deprecated	File: fns_tinybrowser.php	Line: 373	
2015-06-05 14:17:27 (CEST)	8192 	Function sql_regcase() is deprecated	File: fns_tinybrowser.php	Line: 373	
2015-06-05 14:17:27 (CEST)	8192 	Function sql_regcase() is deprecated	File: fns_tinybrowser.php	Line: 373	
2015-06-05 14:17:27 (CEST)	8192 	Function sql_regcase() is deprecated	File: fns_tinybrowser.php	Line: 373	
2015-06-05 14:17:27 (CEST)	8192 	Function sql_regcase() is deprecated	File: fns_tinybrowser.php	Line: 373	
2015-06-05 14:17:27 (CEST)	8192 	Function sql_regcase() is deprecated	File: fns_tinybrowser.php	Line: 373	
2015-06-05 14:17:27 (CEST)	8 Notice	Undefined index: obfuscate	File: upload.php	Line: 122	
2015-12-18 13:34:29 (CET)	8192 	Function sql_regcase() is deprecated	File: fns_tinybrowser.php	Line: 373	
2015-12-18 13:34:29 (CET)	8192 	Function sql_regcase() is deprecated	File: fns_tinybrowser.php	Line: 373	
2015-12-18 13:34:29 (CET)	8192 	Function sql_regcase() is deprecated	File: fns_tinybrowser.php	Line: 373	
2015-12-18 13:34:29 (CET)	8192 	Function sql_regcase() is deprecated	File: fns_tinybrowser.php	Line: 373	
2015-12-18 13:34:31 (CET)	8192 	Function sql_regcase() is deprecated	File: fns_tinybrowser.php	Line: 373	
2015-12-18 13:34:31 (CET)	8192 	Function sql_regcase() is deprecated	File: fns_tinybrowser.php	Line: 373	
2015-12-18 13:34:31 (CET)	8192 	Function sql_regcase() is deprecated	File: fns_tinybrowser.php	Line: 373	
2015-12-18 13:34:31 (CET)	8192 	Function sql_regcase() is deprecated	File: fns_tinybrowser.php	Line: 373	
2015-12-18 13:34:31 (CET)	8 Notice	Undefined index: obfuscate	File: upload.php	Line: 122	
2015-12-18 13:34:41 (CET)	8 Notice	Undefined index: obfuscate	File: upload_file.php	Line: 12	
2015-12-18 13:34:41 (CET)	8192 	Function sql_regcase() is deprecated	File: fns_tinybrowser.php	Line: 373	
2015-12-18 13:34:41 (CET)	8192 	Function sql_regcase() is deprecated	File: fns_tinybrowser.php	Line: 373	
2015-12-18 13:34:41 (CET)	8192 	Function sql_regcase() is deprecated	File: fns_tinybrowser.php	Line: 373	
2015-12-18 13:34:41 (CET)	8192 	Function sql_regcase() is deprecated	File: fns_tinybrowser.php	Line: 373	
2015-12-18 13:34:41 (CET)	8 Notice	Undefined index: obfuscate	File: upload.php	Line: 122	
2015-12-18 13:34:43 (CET)	8192 	Function sql_regcase() is deprecated	File: fns_tinybrowser.php	Line: 373	
2015-12-18 13:34:43 (CET)	8192 	Function sql_regcase() is deprecated	File: fns_tinybrowser.php	Line: 373	
2015-12-18 13:34:43 (CET)	8192 	Function sql_regcase() is deprecated	File: fns_tinybrowser.php	Line: 373	
2015-12-18 13:34:43 (CET)	8192 	Function sql_regcase() is deprecated	File: fns_tinybrowser.php	Line: 373	
