2014-09-18 07:46:06 (CEST)	8192 	Function sql_regcase() is deprecated	File: fns_tinybrowser.php	Line: 373	
2014-09-18 07:46:06 (CEST)	8192 	Function sql_regcase() is deprecated	File: fns_tinybrowser.php	Line: 373	
2014-09-18 07:46:06 (CEST)	8192 	Function sql_regcase() is deprecated	File: fns_tinybrowser.php	Line: 373	
2014-09-18 07:46:06 (CEST)	8192 	Function sql_regcase() is deprecated	File: fns_tinybrowser.php	Line: 373	
2014-09-18 07:46:09 (CEST)	8192 	Function sql_regcase() is deprecated	File: fns_tinybrowser.php	Line: 373	
2014-09-18 07:46:09 (CEST)	8192 	Function sql_regcase() is deprecated	File: fns_tinybrowser.php	Line: 373	
2014-09-18 07:46:09 (CEST)	8192 	Function sql_regcase() is deprecated	File: fns_tinybrowser.php	Line: 373	
2014-09-18 07:46:09 (CEST)	8192 	Function sql_regcase() is deprecated	File: fns_tinybrowser.php	Line: 373	
2014-09-18 07:46:09 (CEST)	8 Notice	Undefined index: obfuscate	File: upload.php	Line: 122	
2014-09-18 07:46:17 (CEST)	8 Notice	Undefined index: obfuscate	File: upload_file.php	Line: 12	
2014-09-18 07:46:17 (CEST)	8192 	Function sql_regcase() is deprecated	File: fns_tinybrowser.php	Line: 373	
2014-09-18 07:46:17 (CEST)	8192 	Function sql_regcase() is deprecated	File: fns_tinybrowser.php	Line: 373	
2014-09-18 07:46:17 (CEST)	8192 	Function sql_regcase() is deprecated	File: fns_tinybrowser.php	Line: 373	
2014-09-18 07:46:17 (CEST)	8192 	Function sql_regcase() is deprecated	File: fns_tinybrowser.php	Line: 373	
2014-09-18 07:46:17 (CEST)	8 Notice	Undefined index: obfuscate	File: upload.php	Line: 122	
2014-09-18 07:46:19 (CEST)	8192 	Function sql_regcase() is deprecated	File: fns_tinybrowser.php	Line: 373	
2014-09-18 07:46:19 (CEST)	8192 	Function sql_regcase() is deprecated	File: fns_tinybrowser.php	Line: 373	
2014-09-18 07:46:19 (CEST)	8192 	Function sql_regcase() is deprecated	File: fns_tinybrowser.php	Line: 373	
2014-09-18 07:46:19 (CEST)	8192 	Function sql_regcase() is deprecated	File: fns_tinybrowser.php	Line: 373	
2015-04-22 12:29:25 (CEST)	8192 	Function sql_regcase() is deprecated	File: fns_tinybrowser.php	Line: 373	
2015-04-22 12:29:25 (CEST)	8192 	Function sql_regcase() is deprecated	File: fns_tinybrowser.php	Line: 373	
2015-04-22 12:29:25 (CEST)	8192 	Function sql_regcase() is deprecated	File: fns_tinybrowser.php	Line: 373	
2015-04-22 12:29:25 (CEST)	8192 	Function sql_regcase() is deprecated	File: fns_tinybrowser.php	Line: 373	
2015-04-22 12:29:27 (CEST)	8192 	Function sql_regcase() is deprecated	File: fns_tinybrowser.php	Line: 373	
2015-04-22 12:29:27 (CEST)	8192 	Function sql_regcase() is deprecated	File: fns_tinybrowser.php	Line: 373	
2015-04-22 12:29:27 (CEST)	8192 	Function sql_regcase() is deprecated	File: fns_tinybrowser.php	Line: 373	
2015-04-22 12:29:27 (CEST)	8192 	Function sql_regcase() is deprecated	File: fns_tinybrowser.php	Line: 373	
2015-04-22 12:29:28 (CEST)	8192 	Function sql_regcase() is deprecated	File: fns_tinybrowser.php	Line: 373	
2015-04-22 12:29:28 (CEST)	8192 	Function sql_regcase() is deprecated	File: fns_tinybrowser.php	Line: 373	
2015-04-22 12:29:28 (CEST)	8192 	Function sql_regcase() is deprecated	File: fns_tinybrowser.php	Line: 373	
2015-04-22 12:29:28 (CEST)	8192 	Function sql_regcase() is deprecated	File: fns_tinybrowser.php	Line: 373	
2015-04-22 12:29:28 (CEST)	8 Notice	Undefined index: obfuscate	File: upload.php	Line: 122	
2015-04-22 12:29:28 (CEST)	8192 	Function sql_regcase() is deprecated	File: fns_tinybrowser.php	Line: 373	
2015-04-22 12:29:28 (CEST)	8192 	Function sql_regcase() is deprecated	File: fns_tinybrowser.php	Line: 373	
2015-04-22 12:29:28 (CEST)	8192 	Function sql_regcase() is deprecated	File: fns_tinybrowser.php	Line: 373	
2015-04-22 12:29:28 (CEST)	8192 	Function sql_regcase() is deprecated	File: fns_tinybrowser.php	Line: 373	
2015-04-22 17:29:11 (CEST)	8192 	Function sql_regcase() is deprecated	File: fns_tinybrowser.php	Line: 373	
2015-04-22 17:29:11 (CEST)	8192 	Function sql_regcase() is deprecated	File: fns_tinybrowser.php	Line: 373	
2015-04-22 17:29:11 (CEST)	8192 	Function sql_regcase() is deprecated	File: fns_tinybrowser.php	Line: 373	
2015-04-22 17:29:11 (CEST)	8192 	Function sql_regcase() is deprecated	File: fns_tinybrowser.php	Line: 373	
2015-04-22 17:29:13 (CEST)	8192 	Function sql_regcase() is deprecated	File: fns_tinybrowser.php	Line: 373	
2015-04-22 17:29:13 (CEST)	8192 	Function sql_regcase() is deprecated	File: fns_tinybrowser.php	Line: 373	
2015-04-22 17:29:13 (CEST)	8192 	Function sql_regcase() is deprecated	File: fns_tinybrowser.php	Line: 373	
2015-04-22 17:29:13 (CEST)	8192 	Function sql_regcase() is deprecated	File: fns_tinybrowser.php	Line: 373	
2015-04-22 17:29:13 (CEST)	8 Notice	Undefined index: obfuscate	File: upload.php	Line: 122	
2015-04-22 17:29:26 (CEST)	8 Notice	Undefined index: obfuscate	File: upload_file.php	Line: 12	
2015-04-22 17:29:26 (CEST)	8 Notice	Undefined index: obfuscate	File: upload_file.php	Line: 12	
2015-04-22 17:29:26 (CEST)	8 Notice	Undefined index: obfuscate	File: upload_file.php	Line: 12	
2015-04-22 17:29:26 (CEST)	8 Notice	Undefined index: obfuscate	File: upload_file.php	Line: 12	
2015-04-22 17:29:26 (CEST)	8 Notice	Undefined index: obfuscate	File: upload_file.php	Line: 12	
2015-04-22 17:29:26 (CEST)	8 Notice	Undefined index: obfuscate	File: upload_file.php	Line: 12	
2015-04-22 17:29:26 (CEST)	2 Warning	imagepng(): Unable to open '/www/webstra.hu/files/images/_thumbs/_kep_1.png' for writing: No such file or directory	File: fns_tinybrowser.php	Line: 134	
2015-04-22 17:29:26 (CEST)	2 Warning	imagepng(): Unable to open '/www/webstra.hu/files/images/_thumbs/_kep_3.png' for writing: No such file or directory	File: fns_tinybrowser.php	Line: 134	
2015-04-22 17:29:26 (CEST)	2 Warning	imagepng(): Unable to open '/www/webstra.hu/files/images/_thumbs/_kep_2.png' for writing: No such file or directory	File: fns_tinybrowser.php	Line: 134	
2015-04-22 17:29:26 (CEST)	2 Warning	imagejpeg(): Unable to open '/www/webstra.hu/files/images/_thumbs/_kep_3.jpg' for writing: No such file or directory	File: fns_tinybrowser.php	Line: 130	
2015-04-22 17:29:26 (CEST)	2 Warning	imagejpeg(): Unable to open '/www/webstra.hu/files/images/_thumbs/_kep_1.jpg' for writing: No such file or directory	File: fns_tinybrowser.php	Line: 130	
2015-04-22 17:29:26 (CEST)	2 Warning	imagejpeg(): Unable to open '/www/webstra.hu/files/images/_thumbs/_kep_2.jpg' for writing: No such file or directory	File: fns_tinybrowser.php	Line: 130	
2015-04-22 17:29:26 (CEST)	8192 	Function sql_regcase() is deprecated	File: fns_tinybrowser.php	Line: 373	
2015-04-22 17:29:26 (CEST)	8192 	Function sql_regcase() is deprecated	File: fns_tinybrowser.php	Line: 373	
2015-04-22 17:29:26 (CEST)	8192 	Function sql_regcase() is deprecated	File: fns_tinybrowser.php	Line: 373	
2015-04-22 17:29:26 (CEST)	8192 	Function sql_regcase() is deprecated	File: fns_tinybrowser.php	Line: 373	
2015-04-22 17:29:26 (CEST)	8 Notice	Undefined index: obfuscate	File: upload.php	Line: 122	
2015-04-22 17:29:28 (CEST)	8192 	Function sql_regcase() is deprecated	File: fns_tinybrowser.php	Line: 373	
2015-04-22 17:29:28 (CEST)	8192 	Function sql_regcase() is deprecated	File: fns_tinybrowser.php	Line: 373	
2015-04-22 17:29:28 (CEST)	8192 	Function sql_regcase() is deprecated	File: fns_tinybrowser.php	Line: 373	
2015-04-22 17:29:28 (CEST)	8192 	Function sql_regcase() is deprecated	File: fns_tinybrowser.php	Line: 373	
2015-04-22 17:45:56 (CEST)	8192 	Function sql_regcase() is deprecated	File: fns_tinybrowser.php	Line: 373	
2015-04-22 17:45:56 (CEST)	8192 	Function sql_regcase() is deprecated	File: fns_tinybrowser.php	Line: 373	
2015-04-22 17:45:56 (CEST)	8192 	Function sql_regcase() is deprecated	File: fns_tinybrowser.php	Line: 373	
2015-04-22 17:45:56 (CEST)	8192 	Function sql_regcase() is deprecated	File: fns_tinybrowser.php	Line: 373	
2015-04-22 18:11:26 (CEST)	8192 	Function sql_regcase() is deprecated	File: fns_tinybrowser.php	Line: 373	
2015-04-22 18:11:26 (CEST)	8192 	Function sql_regcase() is deprecated	File: fns_tinybrowser.php	Line: 373	
2015-04-22 18:11:26 (CEST)	8192 	Function sql_regcase() is deprecated	File: fns_tinybrowser.php	Line: 373	
2015-04-22 18:11:26 (CEST)	8192 	Function sql_regcase() is deprecated	File: fns_tinybrowser.php	Line: 373	
2015-04-30 10:59:21 (CEST)	8192 	Function sql_regcase() is deprecated	File: fns_tinybrowser.php	Line: 373	
2015-04-30 10:59:21 (CEST)	8192 	Function sql_regcase() is deprecated	File: fns_tinybrowser.php	Line: 373	
2015-04-30 10:59:21 (CEST)	8192 	Function sql_regcase() is deprecated	File: fns_tinybrowser.php	Line: 373	
2015-04-30 10:59:21 (CEST)	8192 	Function sql_regcase() is deprecated	File: fns_tinybrowser.php	Line: 373	
2015-04-30 10:59:22 (CEST)	8192 	Function sql_regcase() is deprecated	File: fns_tinybrowser.php	Line: 373	
2015-04-30 10:59:22 (CEST)	8192 	Function sql_regcase() is deprecated	File: fns_tinybrowser.php	Line: 373	
2015-04-30 10:59:22 (CEST)	8192 	Function sql_regcase() is deprecated	File: fns_tinybrowser.php	Line: 373	
2015-04-30 10:59:22 (CEST)	8192 	Function sql_regcase() is deprecated	File: fns_tinybrowser.php	Line: 373	
2015-04-30 10:59:22 (CEST)	8 Notice	Undefined index: obfuscate	File: upload.php	Line: 122	
2015-04-30 10:59:36 (CEST)	8 Notice	Undefined index: obfuscate	File: upload_file.php	Line: 12	
2015-04-30 10:59:36 (CEST)	8 Notice	Undefined index: obfuscate	File: upload_file.php	Line: 12	
2015-04-30 10:59:36 (CEST)	8192 	Function sql_regcase() is deprecated	File: fns_tinybrowser.php	Line: 373	
2015-04-30 10:59:36 (CEST)	8192 	Function sql_regcase() is deprecated	File: fns_tinybrowser.php	Line: 373	
2015-04-30 10:59:36 (CEST)	8192 	Function sql_regcase() is deprecated	File: fns_tinybrowser.php	Line: 373	
2015-04-30 10:59:36 (CEST)	8192 	Function sql_regcase() is deprecated	File: fns_tinybrowser.php	Line: 373	
2015-04-30 10:59:36 (CEST)	8 Notice	Undefined index: obfuscate	File: upload.php	Line: 122	
2015-04-30 10:59:44 (CEST)	8192 	Function sql_regcase() is deprecated	File: fns_tinybrowser.php	Line: 373	
2015-04-30 10:59:44 (CEST)	8192 	Function sql_regcase() is deprecated	File: fns_tinybrowser.php	Line: 373	
2015-04-30 10:59:44 (CEST)	8192 	Function sql_regcase() is deprecated	File: fns_tinybrowser.php	Line: 373	
2015-04-30 10:59:44 (CEST)	8192 	Function sql_regcase() is deprecated	File: fns_tinybrowser.php	Line: 373	
2015-04-30 11:01:49 (CEST)	8192 	Function sql_regcase() is deprecated	File: fns_tinybrowser.php	Line: 373	
2015-04-30 11:01:49 (CEST)	8192 	Function sql_regcase() is deprecated	File: fns_tinybrowser.php	Line: 373	
2015-04-30 11:01:49 (CEST)	8192 	Function sql_regcase() is deprecated	File: fns_tinybrowser.php	Line: 373	
2015-04-30 11:01:49 (CEST)	8192 	Function sql_regcase() is deprecated	File: fns_tinybrowser.php	Line: 373	
2015-04-30 11:06:23 (CEST)	8192 	Function sql_regcase() is deprecated	File: fns_tinybrowser.php	Line: 373	
2015-04-30 11:06:23 (CEST)	8192 	Function sql_regcase() is deprecated	File: fns_tinybrowser.php	Line: 373	
2015-04-30 11:06:23 (CEST)	8192 	Function sql_regcase() is deprecated	File: fns_tinybrowser.php	Line: 373	
2015-04-30 11:06:23 (CEST)	8192 	Function sql_regcase() is deprecated	File: fns_tinybrowser.php	Line: 373	
2015-04-30 11:06:25 (CEST)	8192 	Function sql_regcase() is deprecated	File: fns_tinybrowser.php	Line: 373	
2015-04-30 11:06:25 (CEST)	8192 	Function sql_regcase() is deprecated	File: fns_tinybrowser.php	Line: 373	
2015-04-30 11:06:25 (CEST)	8192 	Function sql_regcase() is deprecated	File: fns_tinybrowser.php	Line: 373	
2015-04-30 11:06:25 (CEST)	8192 	Function sql_regcase() is deprecated	File: fns_tinybrowser.php	Line: 373	
2015-04-30 11:06:25 (CEST)	8 Notice	Undefined index: obfuscate	File: upload.php	Line: 122	
2015-04-30 11:06:26 (CEST)	8192 	Function sql_regcase() is deprecated	File: fns_tinybrowser.php	Line: 373	
2015-04-30 11:06:26 (CEST)	8192 	Function sql_regcase() is deprecated	File: fns_tinybrowser.php	Line: 373	
2015-04-30 11:06:26 (CEST)	8192 	Function sql_regcase() is deprecated	File: fns_tinybrowser.php	Line: 373	
2015-04-30 11:06:26 (CEST)	8192 	Function sql_regcase() is deprecated	File: fns_tinybrowser.php	Line: 373	
2015-04-30 11:06:29 (CEST)	8192 	Function sql_regcase() is deprecated	File: fns_tinybrowser.php	Line: 373	
2015-04-30 11:06:29 (CEST)	8192 	Function sql_regcase() is deprecated	File: fns_tinybrowser.php	Line: 373	
2015-04-30 11:06:29 (CEST)	8192 	Function sql_regcase() is deprecated	File: fns_tinybrowser.php	Line: 373	
2015-04-30 11:06:29 (CEST)	8192 	Function sql_regcase() is deprecated	File: fns_tinybrowser.php	Line: 373	
2015-04-30 11:06:30 (CEST)	8192 	Function sql_regcase() is deprecated	File: fns_tinybrowser.php	Line: 373	
2015-04-30 11:06:30 (CEST)	8192 	Function sql_regcase() is deprecated	File: fns_tinybrowser.php	Line: 373	
2015-04-30 11:06:30 (CEST)	8192 	Function sql_regcase() is deprecated	File: fns_tinybrowser.php	Line: 373	
2015-04-30 11:06:30 (CEST)	8192 	Function sql_regcase() is deprecated	File: fns_tinybrowser.php	Line: 373	
2015-04-30 11:06:30 (CEST)	8 Notice	Undefined index: obfuscate	File: upload.php	Line: 122	
2015-04-30 11:06:39 (CEST)	8 Notice	Undefined index: obfuscate	File: upload_file.php	Line: 12	
2015-04-30 11:06:40 (CEST)	8192 	Function sql_regcase() is deprecated	File: fns_tinybrowser.php	Line: 373	
2015-04-30 11:06:40 (CEST)	8192 	Function sql_regcase() is deprecated	File: fns_tinybrowser.php	Line: 373	
2015-04-30 11:06:40 (CEST)	8192 	Function sql_regcase() is deprecated	File: fns_tinybrowser.php	Line: 373	
2015-04-30 11:06:40 (CEST)	8192 	Function sql_regcase() is deprecated	File: fns_tinybrowser.php	Line: 373	
2015-04-30 11:06:40 (CEST)	8 Notice	Undefined index: obfuscate	File: upload.php	Line: 122	
2015-04-30 11:06:41 (CEST)	8192 	Function sql_regcase() is deprecated	File: fns_tinybrowser.php	Line: 373	
2015-04-30 11:06:41 (CEST)	8192 	Function sql_regcase() is deprecated	File: fns_tinybrowser.php	Line: 373	
2015-04-30 11:06:41 (CEST)	8192 	Function sql_regcase() is deprecated	File: fns_tinybrowser.php	Line: 373	
2015-04-30 11:06:41 (CEST)	8192 	Function sql_regcase() is deprecated	File: fns_tinybrowser.php	Line: 373	
2015-06-05 14:17:25 (CEST)	8192 	Function sql_regcase() is deprecated	File: fns_tinybrowser.php	Line: 373	
2015-06-05 14:17:25 (CEST)	8192 	Function sql_regcase() is deprecated	File: fns_tinybrowser.php	Line: 373	
2015-06-05 14:17:25 (CEST)	8192 	Function sql_regcase() is deprecated	File: fns_tinybrowser.php	Line: 373	
2015-06-05 14:17:25 (CEST)	8192 	Function sql_regcase() is deprecated	File: fns_tinybrowser.php	Line: 373	
2015-06-05 14:17:27 (CEST)	8192 	Function sql_regcase() is deprecated	File: fns_tinybrowser.php	Line: 373	
2015-06-05 14:17:27 (CEST)	8192 	Function sql_regcase() is deprecated	File: fns_tinybrowser.php	Line: 373	
2015-06-05 14:17:27 (CEST)	8192 	Function sql_regcase() is deprecated	File: fns_tinybrowser.php	Line: 373	
2015-06-05 14:17:27 (CEST)	8192 	Function sql_regcase() is deprecated	File: fns_tinybrowser.php	Line: 373	
2015-06-05 14:17:27 (CEST)	8192 	Function sql_regcase() is deprecated	File: fns_tinybrowser.php	Line: 373	
2015-06-05 14:17:27 (CEST)	8192 	Function sql_regcase() is deprecated	File: fns_tinybrowser.php	Line: 373	
2015-06-05 14:17:27 (CEST)	8192 	Function sql_regcase() is deprecated	File: fns_tinybrowser.php	Line: 373	
2015-06-05 14:17:27 (CEST)	8192 	Function sql_regcase() is deprecated	File: fns_tinybrowser.php	Line: 373	
2015-06-05 14:17:27 (CEST)	8 Notice	Undefined index: obfuscate	File: upload.php	Line: 122	
2015-12-07 14:44:21 (CET)	8192 	Function sql_regcase() is deprecated	File: fns_tinybrowser.php	Line: 373	
2015-12-07 14:44:21 (CET)	8192 	Function sql_regcase() is deprecated	File: fns_tinybrowser.php	Line: 373	
2015-12-07 14:44:21 (CET)	8192 	Function sql_regcase() is deprecated	File: fns_tinybrowser.php	Line: 373	
2015-12-07 14:44:21 (CET)	8192 	Function sql_regcase() is deprecated	File: fns_tinybrowser.php	Line: 373	
2015-12-07 14:44:23 (CET)	8192 	Function sql_regcase() is deprecated	File: fns_tinybrowser.php	Line: 373	
2015-12-07 14:44:23 (CET)	8192 	Function sql_regcase() is deprecated	File: fns_tinybrowser.php	Line: 373	
2015-12-07 14:44:23 (CET)	8192 	Function sql_regcase() is deprecated	File: fns_tinybrowser.php	Line: 373	
2015-12-07 14:44:23 (CET)	8192 	Function sql_regcase() is deprecated	File: fns_tinybrowser.php	Line: 373	
2015-12-07 14:44:23 (CET)	8 Notice	Undefined index: obfuscate	File: upload.php	Line: 122	
2015-12-07 14:44:28 (CET)	8192 	Function sql_regcase() is deprecated	File: fns_tinybrowser.php	Line: 373	
2015-12-07 14:44:28 (CET)	8192 	Function sql_regcase() is deprecated	File: fns_tinybrowser.php	Line: 373	
2015-12-07 14:44:28 (CET)	8192 	Function sql_regcase() is deprecated	File: fns_tinybrowser.php	Line: 373	
2015-12-07 14:44:28 (CET)	8192 	Function sql_regcase() is deprecated	File: fns_tinybrowser.php	Line: 373	
2015-12-07 14:44:29 (CET)	8192 	Function sql_regcase() is deprecated	File: fns_tinybrowser.php	Line: 373	
2015-12-07 14:44:29 (CET)	8192 	Function sql_regcase() is deprecated	File: fns_tinybrowser.php	Line: 373	
2015-12-07 14:44:29 (CET)	8192 	Function sql_regcase() is deprecated	File: fns_tinybrowser.php	Line: 373	
2015-12-07 14:44:29 (CET)	8192 	Function sql_regcase() is deprecated	File: fns_tinybrowser.php	Line: 373	
2015-12-07 14:44:29 (CET)	8 Notice	Undefined index: obfuscate	File: upload.php	Line: 122	
2015-12-07 14:44:55 (CET)	8192 	Function sql_regcase() is deprecated	File: fns_tinybrowser.php	Line: 373	
2015-12-07 14:44:55 (CET)	8192 	Function sql_regcase() is deprecated	File: fns_tinybrowser.php	Line: 373	
2015-12-07 14:44:55 (CET)	8192 	Function sql_regcase() is deprecated	File: fns_tinybrowser.php	Line: 373	
2015-12-07 14:44:55 (CET)	8192 	Function sql_regcase() is deprecated	File: fns_tinybrowser.php	Line: 373	
2015-12-07 14:44:56 (CET)	8192 	Function sql_regcase() is deprecated	File: fns_tinybrowser.php	Line: 373	
2015-12-07 14:44:56 (CET)	8192 	Function sql_regcase() is deprecated	File: fns_tinybrowser.php	Line: 373	
2015-12-07 14:44:56 (CET)	8192 	Function sql_regcase() is deprecated	File: fns_tinybrowser.php	Line: 373	
2015-12-07 14:44:56 (CET)	8192 	Function sql_regcase() is deprecated	File: fns_tinybrowser.php	Line: 373	
2015-12-07 14:44:56 (CET)	8 Notice	Undefined index: obfuscate	File: upload.php	Line: 122	
2015-12-07 14:45:44 (CET)	8 Notice	Undefined index: obfuscate	File: upload_file.php	Line: 12	
2015-12-07 14:45:44 (CET)	8 Notice	Undefined index: obfuscate	File: upload_file.php	Line: 12	
2015-12-07 14:45:44 (CET)	8 Notice	Undefined index: obfuscate	File: upload_file.php	Line: 12	
2015-12-07 14:45:44 (CET)	8 Notice	Undefined index: obfuscate	File: upload_file.php	Line: 12	
2015-12-07 14:45:44 (CET)	8 Notice	Undefined index: obfuscate	File: upload_file.php	Line: 12	
2015-12-07 14:45:44 (CET)	8 Notice	Undefined index: obfuscate	File: upload_file.php	Line: 12	
2015-12-07 14:45:44 (CET)	8 Notice	Undefined index: obfuscate	File: upload_file.php	Line: 12	
2015-12-07 14:45:44 (CET)	8 Notice	Undefined index: obfuscate	File: upload_file.php	Line: 12	
2015-12-07 14:45:44 (CET)	8 Notice	Undefined index: obfuscate	File: upload_file.php	Line: 12	
2015-12-07 14:45:44 (CET)	8 Notice	Undefined index: obfuscate	File: upload_file.php	Line: 12	
2015-12-07 14:45:44 (CET)	8 Notice	Undefined index: obfuscate	File: upload_file.php	Line: 12	
2015-12-07 14:45:44 (CET)	8 Notice	Undefined index: obfuscate	File: upload_file.php	Line: 12	
2015-12-07 14:45:44 (CET)	8 Notice	Undefined index: obfuscate	File: upload_file.php	Line: 12	
2015-12-07 14:45:44 (CET)	8 Notice	Undefined index: obfuscate	File: upload_file.php	Line: 12	
2015-12-07 14:45:44 (CET)	8 Notice	Undefined index: obfuscate	File: upload_file.php	Line: 12	
2015-12-07 14:45:45 (CET)	8 Notice	Undefined index: obfuscate	File: upload_file.php	Line: 12	
2015-12-07 14:45:45 (CET)	8 Notice	Undefined index: obfuscate	File: upload_file.php	Line: 12	
2015-12-07 14:45:45 (CET)	8 Notice	Undefined index: obfuscate	File: upload_file.php	Line: 12	
2015-12-07 14:45:45 (CET)	2 Warning	imagepng(/www/!!!TESZT!!!/files/images/_thumbs/_category-gerinctelenek.png): failed to open stream: No such file or directory	File: fns_tinybrowser.php	Line: 134	
2015-12-07 14:45:45 (CET)	2 Warning	imagepng(/www/!!!TESZT!!!/files/images/_thumbs/_category-halak.png): failed to open stream: No such file or directory	File: fns_tinybrowser.php	Line: 134	
2015-12-07 14:45:45 (CET)	2 Warning	imagepng(/www/!!!TESZT!!!/files/images/_thumbs/_category-haszonallatok.png): failed to open stream: No such file or directory	File: fns_tinybrowser.php	Line: 134	
2015-12-07 14:45:45 (CET)	2 Warning	imagepng(/www/!!!TESZT!!!/files/images/_thumbs/_category-kutyak.png): failed to open stream: No such file or directory	File: fns_tinybrowser.php	Line: 134	
2015-12-07 14:45:45 (CET)	2 Warning	imagepng(/www/!!!TESZT!!!/files/images/_thumbs/_category-lovak.png): failed to open stream: No such file or directory	File: fns_tinybrowser.php	Line: 134	
2015-12-07 14:45:45 (CET)	2 Warning	imagepng(/www/!!!TESZT!!!/files/images/_thumbs/_category-macskak.png): failed to open stream: No such file or directory	File: fns_tinybrowser.php	Line: 134	
2015-12-07 14:45:45 (CET)	2 Warning	imagepng(/www/!!!TESZT!!!/files/images/_thumbs/_category-madarak.png): failed to open stream: No such file or directory	File: fns_tinybrowser.php	Line: 134	
2015-12-07 14:45:45 (CET)	2 Warning	imagepng(/www/!!!TESZT!!!/files/images/_thumbs/_category-nyulak.png): failed to open stream: No such file or directory	File: fns_tinybrowser.php	Line: 134	
2015-12-07 14:45:45 (CET)	2 Warning	imagepng(/www/!!!TESZT!!!/files/images/_thumbs/_category-ragcsalok.png): failed to open stream: No such file or directory	File: fns_tinybrowser.php	Line: 134	
2015-12-07 14:45:45 (CET)	2 Warning	imagejpeg(/www/!!!TESZT!!!/files/images/_thumbs/_gerinctelenek.jpg): failed to open stream: No such file or directory	File: fns_tinybrowser.php	Line: 130	
2015-12-07 14:45:45 (CET)	2 Warning	imagejpeg(/www/!!!TESZT!!!/files/images/_thumbs/_halak.jpg): failed to open stream: No such file or directory	File: fns_tinybrowser.php	Line: 130	
2015-12-07 14:45:45 (CET)	2 Warning	imagejpeg(/www/!!!TESZT!!!/files/images/_thumbs/_haszonallatok.jpg): failed to open stream: No such file or directory	File: fns_tinybrowser.php	Line: 130	
2015-12-07 14:45:45 (CET)	2 Warning	imagejpeg(/www/!!!TESZT!!!/files/images/_thumbs/_kutyak.jpg): failed to open stream: No such file or directory	File: fns_tinybrowser.php	Line: 130	
2015-12-07 14:45:45 (CET)	2 Warning	imagejpeg(/www/!!!TESZT!!!/files/images/_thumbs/_lovak.jpg): failed to open stream: No such file or directory	File: fns_tinybrowser.php	Line: 130	
2015-12-07 14:45:45 (CET)	2 Warning	imagejpeg(/www/!!!TESZT!!!/files/images/_thumbs/_macskak.jpg): failed to open stream: No such file or directory	File: fns_tinybrowser.php	Line: 130	
2015-12-07 14:45:45 (CET)	2 Warning	imagejpeg(/www/!!!TESZT!!!/files/images/_thumbs/_madarak.jpg): failed to open stream: No such file or directory	File: fns_tinybrowser.php	Line: 130	
2015-12-07 14:45:45 (CET)	2 Warning	imagejpeg(/www/!!!TESZT!!!/files/images/_thumbs/_nyulak.jpg): failed to open stream: No such file or directory	File: fns_tinybrowser.php	Line: 130	
2015-12-07 14:45:45 (CET)	2 Warning	imagejpeg(/www/!!!TESZT!!!/files/images/_thumbs/_ragcsalok.jpg): failed to open stream: No such file or directory	File: fns_tinybrowser.php	Line: 130	
2015-12-07 14:45:45 (CET)	8192 	Function sql_regcase() is deprecated	File: fns_tinybrowser.php	Line: 373	
2015-12-07 14:45:45 (CET)	8192 	Function sql_regcase() is deprecated	File: fns_tinybrowser.php	Line: 373	
2015-12-07 14:45:45 (CET)	8192 	Function sql_regcase() is deprecated	File: fns_tinybrowser.php	Line: 373	
2015-12-07 14:45:45 (CET)	8192 	Function sql_regcase() is deprecated	File: fns_tinybrowser.php	Line: 373	
2015-12-07 14:45:45 (CET)	8 Notice	Undefined index: obfuscate	File: upload.php	Line: 122	
2015-12-07 14:45:47 (CET)	8192 	Function sql_regcase() is deprecated	File: fns_tinybrowser.php	Line: 373	
2015-12-07 14:45:47 (CET)	8192 	Function sql_regcase() is deprecated	File: fns_tinybrowser.php	Line: 373	
2015-12-07 14:45:47 (CET)	8192 	Function sql_regcase() is deprecated	File: fns_tinybrowser.php	Line: 373	
2015-12-07 14:45:47 (CET)	8192 	Function sql_regcase() is deprecated	File: fns_tinybrowser.php	Line: 373	
2015-12-07 14:46:00 (CET)	8192 	Function sql_regcase() is deprecated	File: fns_tinybrowser.php	Line: 373	
2015-12-07 14:46:00 (CET)	8192 	Function sql_regcase() is deprecated	File: fns_tinybrowser.php	Line: 373	
2015-12-07 14:46:00 (CET)	8192 	Function sql_regcase() is deprecated	File: fns_tinybrowser.php	Line: 373	
2015-12-07 14:46:00 (CET)	8192 	Function sql_regcase() is deprecated	File: fns_tinybrowser.php	Line: 373	
2015-12-07 14:46:13 (CET)	8192 	Function sql_regcase() is deprecated	File: fns_tinybrowser.php	Line: 373	
2015-12-07 14:46:13 (CET)	8192 	Function sql_regcase() is deprecated	File: fns_tinybrowser.php	Line: 373	
2015-12-07 14:46:13 (CET)	8192 	Function sql_regcase() is deprecated	File: fns_tinybrowser.php	Line: 373	
2015-12-07 14:46:13 (CET)	8192 	Function sql_regcase() is deprecated	File: fns_tinybrowser.php	Line: 373	
2016-01-22 11:31:09 (CET)	8192 	Function sql_regcase() is deprecated	File: fns_tinybrowser.php	Line: 373	
2016-01-22 11:31:09 (CET)	8192 	Function sql_regcase() is deprecated	File: fns_tinybrowser.php	Line: 373	
2016-01-22 11:31:09 (CET)	8192 	Function sql_regcase() is deprecated	File: fns_tinybrowser.php	Line: 373	
2016-01-22 11:31:09 (CET)	8192 	Function sql_regcase() is deprecated	File: fns_tinybrowser.php	Line: 373	
2016-01-22 20:38:28 (CET)	8192 	Function sql_regcase() is deprecated	File: fns_tinybrowser.php	Line: 373	
2016-01-22 20:38:28 (CET)	8192 	Function sql_regcase() is deprecated	File: fns_tinybrowser.php	Line: 373	
2016-01-22 20:38:28 (CET)	8192 	Function sql_regcase() is deprecated	File: fns_tinybrowser.php	Line: 373	
2016-01-22 20:38:28 (CET)	8192 	Function sql_regcase() is deprecated	File: fns_tinybrowser.php	Line: 373	
2016-01-22 20:38:29 (CET)	8192 	Function sql_regcase() is deprecated	File: fns_tinybrowser.php	Line: 373	
2016-01-22 20:38:29 (CET)	8192 	Function sql_regcase() is deprecated	File: fns_tinybrowser.php	Line: 373	
2016-01-22 20:38:29 (CET)	8192 	Function sql_regcase() is deprecated	File: fns_tinybrowser.php	Line: 373	
2016-01-22 20:38:29 (CET)	8192 	Function sql_regcase() is deprecated	File: fns_tinybrowser.php	Line: 373	
2016-01-22 20:38:29 (CET)	8 Notice	Undefined index: obfuscate	File: upload.php	Line: 122	
2016-01-22 20:38:39 (CET)	8 Notice	Undefined index: obfuscate	File: upload_file.php	Line: 12	
2016-01-22 20:38:39 (CET)	8 Notice	Undefined index: obfuscate	File: upload_file.php	Line: 12	
2016-01-22 20:38:40 (CET)	2 Warning	imagepng(/www/tipox.hu/files/images/_thumbs/_slide-logo.png): failed to open stream: No such file or directory	File: fns_tinybrowser.php	Line: 134	
2016-01-22 20:38:40 (CET)	2 Warning	imagepng(/www/tipox.hu/files/images/_thumbs/_slide-text-bg.png): failed to open stream: No such file or directory	File: fns_tinybrowser.php	Line: 134	
2016-01-22 20:38:40 (CET)	8192 	Function sql_regcase() is deprecated	File: fns_tinybrowser.php	Line: 373	
2016-01-22 20:38:40 (CET)	8192 	Function sql_regcase() is deprecated	File: fns_tinybrowser.php	Line: 373	
2016-01-22 20:38:40 (CET)	8192 	Function sql_regcase() is deprecated	File: fns_tinybrowser.php	Line: 373	
2016-01-22 20:38:40 (CET)	8192 	Function sql_regcase() is deprecated	File: fns_tinybrowser.php	Line: 373	
2016-01-22 20:38:40 (CET)	8 Notice	Undefined index: obfuscate	File: upload.php	Line: 122	
2016-01-22 20:38:42 (CET)	8192 	Function sql_regcase() is deprecated	File: fns_tinybrowser.php	Line: 373	
2016-01-22 20:38:42 (CET)	8192 	Function sql_regcase() is deprecated	File: fns_tinybrowser.php	Line: 373	
2016-01-22 20:38:42 (CET)	8192 	Function sql_regcase() is deprecated	File: fns_tinybrowser.php	Line: 373	
2016-01-22 20:38:42 (CET)	8192 	Function sql_regcase() is deprecated	File: fns_tinybrowser.php	Line: 373	
2016-01-22 22:17:59 (CET)	8192 	Function sql_regcase() is deprecated	File: fns_tinybrowser.php	Line: 373	
2016-01-22 22:17:59 (CET)	8192 	Function sql_regcase() is deprecated	File: fns_tinybrowser.php	Line: 373	
2016-01-22 22:17:59 (CET)	8192 	Function sql_regcase() is deprecated	File: fns_tinybrowser.php	Line: 373	
2016-01-22 22:17:59 (CET)	8192 	Function sql_regcase() is deprecated	File: fns_tinybrowser.php	Line: 373	
2016-04-26 03:18:56 (CEST)	8192 	Function sql_regcase() is deprecated	File: fns_tinybrowser.php	Line: 373	
2016-04-26 03:18:56 (CEST)	8192 	Function sql_regcase() is deprecated	File: fns_tinybrowser.php	Line: 373	
2016-04-26 03:18:56 (CEST)	8192 	Function sql_regcase() is deprecated	File: fns_tinybrowser.php	Line: 373	
2016-04-26 03:18:56 (CEST)	8192 	Function sql_regcase() is deprecated	File: fns_tinybrowser.php	Line: 373	
2016-04-27 08:13:05 (CEST)	8192 	Function sql_regcase() is deprecated	File: fns_tinybrowser.php	Line: 373	
2016-04-27 08:13:05 (CEST)	8192 	Function sql_regcase() is deprecated	File: fns_tinybrowser.php	Line: 373	
2016-04-27 08:13:05 (CEST)	8192 	Function sql_regcase() is deprecated	File: fns_tinybrowser.php	Line: 373	
2016-04-27 08:13:05 (CEST)	8192 	Function sql_regcase() is deprecated	File: fns_tinybrowser.php	Line: 373	
2016-05-03 14:33:43 (CEST)	8192 	Function sql_regcase() is deprecated	File: fns_tinybrowser.php	Line: 373	
2016-05-03 14:33:43 (CEST)	8192 	Function sql_regcase() is deprecated	File: fns_tinybrowser.php	Line: 373	
2016-05-03 14:33:43 (CEST)	8192 	Function sql_regcase() is deprecated	File: fns_tinybrowser.php	Line: 373	
2016-05-03 14:33:43 (CEST)	8192 	Function sql_regcase() is deprecated	File: fns_tinybrowser.php	Line: 373	
